<?xml version="1.0" encoding="UTF-8"?>
<!-- Generated by org.testng.reporters.JUnitXMLReporter -->
<testsuite hostname="MONO-HYD-LAP-44" ignored="0" name="Testclasess" tests="1" failures="1" timestamp="03 Oct 2019 16:37:26 GMT" time="28.27" errors="0">
  <testcase name="scheduleThroughPrellminaryGenaric" time="26.214" classname="com.amc.Testclasess.execute.scheduleThroughPrellminaryGenaricPrograme">
    <failure type="org.sikuli.script.FindFailed" message="D:/TxLive/TXLiveRegression/Pictures//WopImages//LauncherTop.PNG: (57x27) in S(0)[0,0 1366x768] E:Y, T:3.0">
      <![CDATA[FindFailed: D:/TxLive/TXLiveRegression/Pictures//WopImages//LauncherTop.PNG: (57x27) in S(0)[0,0 1366x768] E:Y, T:3.0
  Line 2782, in file Region.java

at org.sikuli.script.Region.wait(Region.java:2782)
at com.amc.txbase.TxBase.imageClick(TxBase.java:209)
at com.amc.txrepo.WopObjets.scheduleThroughPrellminaryGenaricPrograme(WopObjets.java:260)
at com.amc.Testclasess.execute.scheduleThroughPrellminaryGenaricPrograme.scheduleThroughPrellminaryGenaric(scheduleThroughPrellminaryGenaricPrograme.java:21)
at com.amc.testcases.DynamicTestNG.runTestNGTest(DynamicTestNG.java:60)
at com.amc.testcases.DynamicTestNG.main(DynamicTestNG.java:72)
... Removed 22 stack frames]]>
    </failure>
  </testcase> <!-- scheduleThroughPrellminaryGenaric -->
</testsuite> <!-- Testclasess -->
