<?xml version="1.0" encoding="UTF-8"?>
<testng-results skipped="0" failed="0" ignored="0" total="1" passed="1">
  <reporter-output>
  </reporter-output>
  <suite name="Default suite" duration-ms="719974" started-at="2020-03-26T08:04:55Z" finished-at="2020-03-26T08:16:55Z">
    <groups>
    </groups>
    <test name="Default test" duration-ms="719974" started-at="2020-03-26T08:04:55Z" finished-at="2020-03-26T08:16:55Z">
      <class name="com.amc.testcases.DynamicTestNG">
        <test-method status="PASS" signature="ExecuteScripts()[pri:0, instance:com.amc.testcases.DynamicTestNG@433d93e7]" name="ExecuteScripts" duration-ms="719854" started-at="2020-03-26T08:04:55Z" finished-at="2020-03-26T08:16:55Z">
          <reporter-output>
          </reporter-output>
        </test-method> <!-- ExecuteScripts -->
      </class> <!-- com.amc.testcases.DynamicTestNG -->
    </test> <!-- Default test -->
  </suite> <!-- Default suite -->
</testng-results>
