<?xml version="1.0" encoding="UTF-8"?>
<testng-results skipped="0" failed="7" ignored="7" total="15" passed="1">
  <reporter-output>
  </reporter-output>
  <suite name="Suite" duration-ms="153312" started-at="2020-04-13T17:11:54Z" finished-at="2020-04-13T17:14:27Z">
    <groups>
    </groups>
    <test name="Testclasess" duration-ms="153312" started-at="2020-04-13T17:11:54Z" finished-at="2020-04-13T17:14:27Z">
      <class name="com.amc.Testclasess.execute.MP_launchAndLogin">
        <test-method status="FAIL" signature="mpLaunchAndLoginTest()[pri:0, instance:com.amc.Testclasess.execute.MP_launchAndLogin@2c7ddfa0]" name="mpLaunchAndLoginTest" duration-ms="23235" started-at="2020-04-13T17:13:01Z" finished-at="2020-04-13T17:13:24Z">
          <exception class="org.openqa.selenium.SessionNotCreatedException">
            <message>
              <![CDATA[session not created: This version of ChromeDriver only supports Chrome version 79
Build info: version: '3.8.1', revision: '6e95a6684b', time: '2017-12-01T18:33:54.468Z'
System info: host: 'AUTOQA01-AWSNP', ip: '10.12.8.45', os.name: 'Windows Server 2016', os.arch: 'amd64', os.version: '10.0', java.version: '1.8.0_241'
Driver info: driver.version: ChromeDriver
remote stacktrace: Backtrace:
Ordinal0 [0x002FA113+1548563]
Ordinal0 [0x0027DDA1+1039777]
Ordinal0 [0x001FE485+517253]
Ordinal0 [0x0018FD34+64820]
Ordinal0 [0x0018C61E+50718]
Ordinal0 [0x001AB797+178071]
Ordinal0 [0x001AB59D+177565]
Ordinal0 [0x001A95FB+169467]
Ordinal0 [0x0019160A+71178]
Ordinal0 [0x00192690+75408]
Ordinal0 [0x00192629+75305]
Ordinal0 [0x002971B7+1143223]
GetHandleVerifier [0x00392B46+507814]
GetHandleVerifier [0x00392864+507076]
GetHandleVerifier [0x00399F47+537511]
GetHandleVerifier [0x00393402+510050]
Ordinal0 [0x0028F29C+1110684]
Ordinal0 [0x0029938B+1151883]
Ordinal0 [0x002994F3+1152243]
Ordinal0 [0x002983F5+1147893]
BaseThreadInitThunk [0x74F962C4+36]
RtlSubscribeWnfStateChangeNotification [0x76F51E39+1081]
RtlSubscribeWnfStateChangeNotification [0x76F51E04+1028]
]]>
            </message>
            <full-stacktrace>
              <![CDATA[org.openqa.selenium.SessionNotCreatedException: session not created: This version of ChromeDriver only supports Chrome version 79
Build info: version: '3.8.1', revision: '6e95a6684b', time: '2017-12-01T18:33:54.468Z'
System info: host: 'AUTOQA01-AWSNP', ip: '10.12.8.45', os.name: 'Windows Server 2016', os.arch: 'amd64', os.version: '10.0', java.version: '1.8.0_241'
Driver info: driver.version: ChromeDriver
remote stacktrace: Backtrace:
Ordinal0 [0x002FA113+1548563]
Ordinal0 [0x0027DDA1+1039777]
Ordinal0 [0x001FE485+517253]
Ordinal0 [0x0018FD34+64820]
Ordinal0 [0x0018C61E+50718]
Ordinal0 [0x001AB797+178071]
Ordinal0 [0x001AB59D+177565]
Ordinal0 [0x001A95FB+169467]
Ordinal0 [0x0019160A+71178]
Ordinal0 [0x00192690+75408]
Ordinal0 [0x00192629+75305]
Ordinal0 [0x002971B7+1143223]
GetHandleVerifier [0x00392B46+507814]
GetHandleVerifier [0x00392864+507076]
GetHandleVerifier [0x00399F47+537511]
GetHandleVerifier [0x00393402+510050]
Ordinal0 [0x0028F29C+1110684]
Ordinal0 [0x0029938B+1151883]
Ordinal0 [0x002994F3+1152243]
Ordinal0 [0x002983F5+1147893]
BaseThreadInitThunk [0x74F962C4+36]
RtlSubscribeWnfStateChangeNotification [0x76F51E39+1081]
RtlSubscribeWnfStateChangeNotification [0x76F51E04+1028]

at sun.reflect.NativeConstructorAccessorImpl.newInstance0(Native Method)
at sun.reflect.NativeConstructorAccessorImpl.newInstance(NativeConstructorAccessorImpl.java:62)
at sun.reflect.DelegatingConstructorAccessorImpl.newInstance(DelegatingConstructorAccessorImpl.java:45)
at java.lang.reflect.Constructor.newInstance(Constructor.java:423)
at org.openqa.selenium.remote.W3CHandshakeResponse.lambda$new$0(W3CHandshakeResponse.java:57)
at org.openqa.selenium.remote.W3CHandshakeResponse.lambda$getResponseFunction$2(W3CHandshakeResponse.java:104)
at org.openqa.selenium.remote.ProtocolHandshake.lambda$createSession$0(ProtocolHandshake.java:123)
at java.util.stream.ReferencePipeline$3$1.accept(ReferencePipeline.java:193)
at java.util.Spliterators$ArraySpliterator.tryAdvance(Spliterators.java:958)
at java.util.stream.ReferencePipeline.forEachWithCancel(ReferencePipeline.java:126)
at java.util.stream.AbstractPipeline.copyIntoWithCancel(AbstractPipeline.java:499)
at java.util.stream.AbstractPipeline.copyInto(AbstractPipeline.java:486)
at java.util.stream.AbstractPipeline.wrapAndCopyInto(AbstractPipeline.java:472)
at java.util.stream.FindOps$FindOp.evaluateSequential(FindOps.java:152)
at java.util.stream.AbstractPipeline.evaluate(AbstractPipeline.java:234)
at java.util.stream.ReferencePipeline.findFirst(ReferencePipeline.java:464)
at org.openqa.selenium.remote.ProtocolHandshake.createSession(ProtocolHandshake.java:126)
at org.openqa.selenium.remote.ProtocolHandshake.createSession(ProtocolHandshake.java:73)
at org.openqa.selenium.remote.HttpCommandExecutor.execute(HttpCommandExecutor.java:142)
at org.openqa.selenium.remote.service.DriverCommandExecutor.execute(DriverCommandExecutor.java:83)
at org.openqa.selenium.remote.RemoteWebDriver.execute(RemoteWebDriver.java:600)
at org.openqa.selenium.remote.RemoteWebDriver.startSession(RemoteWebDriver.java:219)
at org.openqa.selenium.remote.RemoteWebDriver.<init>(RemoteWebDriver.java:142)
at org.openqa.selenium.chrome.ChromeDriver.<init>(ChromeDriver.java:181)
at org.openqa.selenium.chrome.ChromeDriver.<init>(ChromeDriver.java:147)
at com.amc.txbase.TxBase.launchProgram(TxBase.java:836)
at com.amc.Testclasess.execute.MP_launchAndLogin.mpLaunchAndLoginTest(MP_launchAndLogin.java:29)
at sun.reflect.NativeMethodAccessorImpl.invoke0(Native Method)
at sun.reflect.NativeMethodAccessorImpl.invoke(NativeMethodAccessorImpl.java:62)
at sun.reflect.DelegatingMethodAccessorImpl.invoke(DelegatingMethodAccessorImpl.java:43)
at java.lang.reflect.Method.invoke(Method.java:498)
at org.testng.internal.MethodInvocationHelper.invokeMethod(MethodInvocationHelper.java:124)
at org.testng.internal.Invoker.invokeMethod(Invoker.java:583)
at org.testng.internal.Invoker.invokeTestMethod(Invoker.java:719)
at org.testng.internal.Invoker.invokeTestMethods(Invoker.java:989)
at org.testng.internal.TestMethodWorker.invokeTestMethods(TestMethodWorker.java:125)
at org.testng.internal.TestMethodWorker.run(TestMethodWorker.java:109)
at org.testng.TestRunner.privateRun(TestRunner.java:648)
at org.testng.TestRunner.run(TestRunner.java:505)
at org.testng.SuiteRunner.runTest(SuiteRunner.java:455)
at org.testng.SuiteRunner.runSequentially(SuiteRunner.java:450)
at org.testng.SuiteRunner.privateRun(SuiteRunner.java:415)
at org.testng.SuiteRunner.run(SuiteRunner.java:364)
at org.testng.SuiteRunnerWorker.runSuite(SuiteRunnerWorker.java:52)
at org.testng.SuiteRunnerWorker.run(SuiteRunnerWorker.java:84)
at org.testng.TestNG.runSuitesSequentially(TestNG.java:1208)
at org.testng.TestNG.runSuitesLocally(TestNG.java:1137)
at org.testng.TestNG.runSuites(TestNG.java:1049)
at org.testng.TestNG.run(TestNG.java:1017)
at com.amc.testcases.DynamicTestNG.runTestNGTest(DynamicTestNG.java:87)
at com.amc.testcases.DynamicTestNG.ExecuteScripts(DynamicTestNG.java:97)
at sun.reflect.NativeMethodAccessorImpl.invoke0(Native Method)
at sun.reflect.NativeMethodAccessorImpl.invoke(NativeMethodAccessorImpl.java:62)
at sun.reflect.DelegatingMethodAccessorImpl.invoke(DelegatingMethodAccessorImpl.java:43)
at java.lang.reflect.Method.invoke(Method.java:498)
at org.testng.internal.MethodInvocationHelper.invokeMethod(MethodInvocationHelper.java:124)
at org.testng.internal.Invoker.invokeMethod(Invoker.java:583)
at org.testng.internal.Invoker.invokeTestMethod(Invoker.java:719)
at org.testng.internal.Invoker.invokeTestMethods(Invoker.java:989)
at org.testng.internal.TestMethodWorker.invokeTestMethods(TestMethodWorker.java:125)
at org.testng.internal.TestMethodWorker.run(TestMethodWorker.java:109)
at org.testng.TestRunner.privateRun(TestRunner.java:648)
at org.testng.TestRunner.run(TestRunner.java:505)
at org.testng.SuiteRunner.runTest(SuiteRunner.java:455)
at org.testng.SuiteRunner.runSequentially(SuiteRunner.java:450)
at org.testng.SuiteRunner.privateRun(SuiteRunner.java:415)
at org.testng.SuiteRunner.run(SuiteRunner.java:364)
at org.testng.SuiteRunnerWorker.runSuite(SuiteRunnerWorker.java:52)
at org.testng.SuiteRunnerWorker.run(SuiteRunnerWorker.java:84)
at org.testng.TestNG.runSuitesSequentially(TestNG.java:1208)
at org.testng.TestNG.runSuitesLocally(TestNG.java:1137)
at org.testng.TestNG.runSuites(TestNG.java:1049)
at org.testng.TestNG.run(TestNG.java:1017)
at org.apache.maven.surefire.testng.TestNGExecutor.run(TestNGExecutor.java:281)
at org.apache.maven.surefire.testng.TestNGXmlTestSuite.execute(TestNGXmlTestSuite.java:75)
at org.apache.maven.surefire.testng.TestNGProvider.invoke(TestNGProvider.java:121)
at org.apache.maven.surefire.booter.ForkedBooter.invokeProviderInSameClassLoader(ForkedBooter.java:290)
at org.apache.maven.surefire.booter.ForkedBooter.runSuitesInProcess(ForkedBooter.java:242)
at org.apache.maven.surefire.booter.ForkedBooter.main(ForkedBooter.java:121)
]]>
            </full-stacktrace>
          </exception> <!-- org.openqa.selenium.SessionNotCreatedException -->
          <reporter-output>
          </reporter-output>
        </test-method> <!-- mpLaunchAndLoginTest -->
      </class> <!-- com.amc.Testclasess.execute.MP_launchAndLogin -->
      <class name="com.amc.Testclasess.execute.MP_campaignData">
        <test-method status="FAIL" signature="CampaginIntigrationFromWOPtoMP()[pri:0, instance:com.amc.Testclasess.execute.MP_campaignData@53b52f30]" name="CampaginIntigrationFromWOPtoMP" duration-ms="9239" started-at="2020-04-13T17:13:24Z" finished-at="2020-04-13T17:13:33Z">
          <exception class="org.sikuli.script.FindFailed">
            <message>
              <![CDATA[D:/CoreWorkStreamsTeam_B/Pictures/WopImages/ProjectManagement.PNG: (143x20) in S(0)[0,0 1366x768] E:Y, T:3.0]]>
            </message>
            <full-stacktrace>
              <![CDATA[FindFailed: D:/CoreWorkStreamsTeam_B/Pictures/WopImages/ProjectManagement.PNG: (143x20) in S(0)[0,0 1366x768] E:Y, T:3.0
  Line 2782, in file Region.java

at org.sikuli.script.Region.wait(Region.java:2782)
at com.amc.txbase.TxBase.imageFindClick(TxBase.java:671)
at com.amc.txrepo.MP_CampaignObjects.projectManagement(MP_CampaignObjects.java:35)
at com.amc.Testclasess.execute.MP_campaignData.CampaginIntigrationFromWOPtoMP(MP_campaignData.java:40)
at sun.reflect.NativeMethodAccessorImpl.invoke0(Native Method)
at sun.reflect.NativeMethodAccessorImpl.invoke(NativeMethodAccessorImpl.java:62)
at sun.reflect.DelegatingMethodAccessorImpl.invoke(DelegatingMethodAccessorImpl.java:43)
at java.lang.reflect.Method.invoke(Method.java:498)
at org.testng.internal.MethodInvocationHelper.invokeMethod(MethodInvocationHelper.java:124)
at org.testng.internal.Invoker.invokeMethod(Invoker.java:583)
at org.testng.internal.Invoker.invokeTestMethod(Invoker.java:719)
at org.testng.internal.Invoker.invokeTestMethods(Invoker.java:989)
at org.testng.internal.TestMethodWorker.invokeTestMethods(TestMethodWorker.java:125)
at org.testng.internal.TestMethodWorker.run(TestMethodWorker.java:109)
at org.testng.TestRunner.privateRun(TestRunner.java:648)
at org.testng.TestRunner.run(TestRunner.java:505)
at org.testng.SuiteRunner.runTest(SuiteRunner.java:455)
at org.testng.SuiteRunner.runSequentially(SuiteRunner.java:450)
at org.testng.SuiteRunner.privateRun(SuiteRunner.java:415)
at org.testng.SuiteRunner.run(SuiteRunner.java:364)
at org.testng.SuiteRunnerWorker.runSuite(SuiteRunnerWorker.java:52)
at org.testng.SuiteRunnerWorker.run(SuiteRunnerWorker.java:84)
at org.testng.TestNG.runSuitesSequentially(TestNG.java:1208)
at org.testng.TestNG.runSuitesLocally(TestNG.java:1137)
at org.testng.TestNG.runSuites(TestNG.java:1049)
at org.testng.TestNG.run(TestNG.java:1017)
at com.amc.testcases.DynamicTestNG.runTestNGTest(DynamicTestNG.java:87)
at com.amc.testcases.DynamicTestNG.ExecuteScripts(DynamicTestNG.java:97)
at sun.reflect.NativeMethodAccessorImpl.invoke0(Native Method)
at sun.reflect.NativeMethodAccessorImpl.invoke(NativeMethodAccessorImpl.java:62)
at sun.reflect.DelegatingMethodAccessorImpl.invoke(DelegatingMethodAccessorImpl.java:43)
at java.lang.reflect.Method.invoke(Method.java:498)
at org.testng.internal.MethodInvocationHelper.invokeMethod(MethodInvocationHelper.java:124)
at org.testng.internal.Invoker.invokeMethod(Invoker.java:583)
at org.testng.internal.Invoker.invokeTestMethod(Invoker.java:719)
at org.testng.internal.Invoker.invokeTestMethods(Invoker.java:989)
at org.testng.internal.TestMethodWorker.invokeTestMethods(TestMethodWorker.java:125)
at org.testng.internal.TestMethodWorker.run(TestMethodWorker.java:109)
at org.testng.TestRunner.privateRun(TestRunner.java:648)
at org.testng.TestRunner.run(TestRunner.java:505)
at org.testng.SuiteRunner.runTest(SuiteRunner.java:455)
at org.testng.SuiteRunner.runSequentially(SuiteRunner.java:450)
at org.testng.SuiteRunner.privateRun(SuiteRunner.java:415)
at org.testng.SuiteRunner.run(SuiteRunner.java:364)
at org.testng.SuiteRunnerWorker.runSuite(SuiteRunnerWorker.java:52)
at org.testng.SuiteRunnerWorker.run(SuiteRunnerWorker.java:84)
at org.testng.TestNG.runSuitesSequentially(TestNG.java:1208)
at org.testng.TestNG.runSuitesLocally(TestNG.java:1137)
at org.testng.TestNG.runSuites(TestNG.java:1049)
at org.testng.TestNG.run(TestNG.java:1017)
at org.apache.maven.surefire.testng.TestNGExecutor.run(TestNGExecutor.java:281)
at org.apache.maven.surefire.testng.TestNGXmlTestSuite.execute(TestNGXmlTestSuite.java:75)
at org.apache.maven.surefire.testng.TestNGProvider.invoke(TestNGProvider.java:121)
at org.apache.maven.surefire.booter.ForkedBooter.invokeProviderInSameClassLoader(ForkedBooter.java:290)
at org.apache.maven.surefire.booter.ForkedBooter.runSuitesInProcess(ForkedBooter.java:242)
at org.apache.maven.surefire.booter.ForkedBooter.main(ForkedBooter.java:121)
]]>
            </full-stacktrace>
          </exception> <!-- org.sikuli.script.FindFailed -->
          <reporter-output>
          </reporter-output>
        </test-method> <!-- CampaginIntigrationFromWOPtoMP -->
      </class> <!-- com.amc.Testclasess.execute.MP_campaignData -->
      <class name="com.amc.Testclasess.execute.WOP_launchAndLogin">
        <test-method status="FAIL" signature="launch()[pri:0, instance:com.amc.Testclasess.execute.WOP_launchAndLogin@72c743f4]" name="launch" duration-ms="48655" started-at="2020-04-13T17:11:56Z" finished-at="2020-04-13T17:12:45Z">
          <exception class="org.sikuli.script.FindFailed">
            <message>
              <![CDATA[D:/CoreWorkStreamsTeam_B/Pictures//WopImages//WopStartIcon.PNG: (55x53) in S(0)[0,0 1366x768] E:Y, T:3.0]]>
            </message>
            <full-stacktrace>
              <![CDATA[FindFailed: D:/CoreWorkStreamsTeam_B/Pictures//WopImages//WopStartIcon.PNG: (55x53) in S(0)[0,0 1366x768] E:Y, T:3.0
  Line 2782, in file Region.java

at org.sikuli.script.Region.wait(Region.java:2782)
at com.amc.txbase.TxBase.imageClick(TxBase.java:472)
at com.amc.txrepo.WOPObjets.reenterPassword(WOPObjets.java:174)
at com.amc.Testclasess.execute.WOP_launchAndLogin.launch(WOP_launchAndLogin.java:29)
at sun.reflect.NativeMethodAccessorImpl.invoke0(Native Method)
at sun.reflect.NativeMethodAccessorImpl.invoke(NativeMethodAccessorImpl.java:62)
at sun.reflect.DelegatingMethodAccessorImpl.invoke(DelegatingMethodAccessorImpl.java:43)
at java.lang.reflect.Method.invoke(Method.java:498)
at org.testng.internal.MethodInvocationHelper.invokeMethod(MethodInvocationHelper.java:124)
at org.testng.internal.Invoker.invokeMethod(Invoker.java:583)
at org.testng.internal.Invoker.invokeTestMethod(Invoker.java:719)
at org.testng.internal.Invoker.invokeTestMethods(Invoker.java:989)
at org.testng.internal.TestMethodWorker.invokeTestMethods(TestMethodWorker.java:125)
at org.testng.internal.TestMethodWorker.run(TestMethodWorker.java:109)
at org.testng.TestRunner.privateRun(TestRunner.java:648)
at org.testng.TestRunner.run(TestRunner.java:505)
at org.testng.SuiteRunner.runTest(SuiteRunner.java:455)
at org.testng.SuiteRunner.runSequentially(SuiteRunner.java:450)
at org.testng.SuiteRunner.privateRun(SuiteRunner.java:415)
at org.testng.SuiteRunner.run(SuiteRunner.java:364)
at org.testng.SuiteRunnerWorker.runSuite(SuiteRunnerWorker.java:52)
at org.testng.SuiteRunnerWorker.run(SuiteRunnerWorker.java:84)
at org.testng.TestNG.runSuitesSequentially(TestNG.java:1208)
at org.testng.TestNG.runSuitesLocally(TestNG.java:1137)
at org.testng.TestNG.runSuites(TestNG.java:1049)
at org.testng.TestNG.run(TestNG.java:1017)
at com.amc.testcases.DynamicTestNG.runTestNGTest(DynamicTestNG.java:87)
at com.amc.testcases.DynamicTestNG.ExecuteScripts(DynamicTestNG.java:97)
at sun.reflect.NativeMethodAccessorImpl.invoke0(Native Method)
at sun.reflect.NativeMethodAccessorImpl.invoke(NativeMethodAccessorImpl.java:62)
at sun.reflect.DelegatingMethodAccessorImpl.invoke(DelegatingMethodAccessorImpl.java:43)
at java.lang.reflect.Method.invoke(Method.java:498)
at org.testng.internal.MethodInvocationHelper.invokeMethod(MethodInvocationHelper.java:124)
at org.testng.internal.Invoker.invokeMethod(Invoker.java:583)
at org.testng.internal.Invoker.invokeTestMethod(Invoker.java:719)
at org.testng.internal.Invoker.invokeTestMethods(Invoker.java:989)
at org.testng.internal.TestMethodWorker.invokeTestMethods(TestMethodWorker.java:125)
at org.testng.internal.TestMethodWorker.run(TestMethodWorker.java:109)
at org.testng.TestRunner.privateRun(TestRunner.java:648)
at org.testng.TestRunner.run(TestRunner.java:505)
at org.testng.SuiteRunner.runTest(SuiteRunner.java:455)
at org.testng.SuiteRunner.runSequentially(SuiteRunner.java:450)
at org.testng.SuiteRunner.privateRun(SuiteRunner.java:415)
at org.testng.SuiteRunner.run(SuiteRunner.java:364)
at org.testng.SuiteRunnerWorker.runSuite(SuiteRunnerWorker.java:52)
at org.testng.SuiteRunnerWorker.run(SuiteRunnerWorker.java:84)
at org.testng.TestNG.runSuitesSequentially(TestNG.java:1208)
at org.testng.TestNG.runSuitesLocally(TestNG.java:1137)
at org.testng.TestNG.runSuites(TestNG.java:1049)
at org.testng.TestNG.run(TestNG.java:1017)
at org.apache.maven.surefire.testng.TestNGExecutor.run(TestNGExecutor.java:281)
at org.apache.maven.surefire.testng.TestNGXmlTestSuite.execute(TestNGXmlTestSuite.java:75)
at org.apache.maven.surefire.testng.TestNGProvider.invoke(TestNGProvider.java:121)
at org.apache.maven.surefire.booter.ForkedBooter.invokeProviderInSameClassLoader(ForkedBooter.java:290)
at org.apache.maven.surefire.booter.ForkedBooter.runSuitesInProcess(ForkedBooter.java:242)
at org.apache.maven.surefire.booter.ForkedBooter.main(ForkedBooter.java:121)
]]>
            </full-stacktrace>
          </exception> <!-- org.sikuli.script.FindFailed -->
          <reporter-output>
          </reporter-output>
        </test-method> <!-- launch -->
        <test-method status="PASS" signature="afterTest()[pri:0, instance:com.amc.Testclasess.execute.WOP_launchAndLogin@72c743f4]" name="afterTest" is-config="true" duration-ms="0" started-at="2020-04-13T17:14:27Z" finished-at="2020-04-13T17:14:27Z">
          <reporter-output>
          </reporter-output>
        </test-method> <!-- afterTest -->
      </class> <!-- com.amc.Testclasess.execute.WOP_launchAndLogin -->
      <class name="com.amc.Testclasess.execute.CampaignDataValidations">
        <test-method status="FAIL" signature="CampaignDataComparion()[pri:0, instance:com.amc.Testclasess.execute.CampaignDataValidations@76f65a8b]" name="CampaignDataComparion" duration-ms="26827" started-at="2020-04-13T17:13:35Z" finished-at="2020-04-13T17:14:02Z">
          <exception class="org.sikuli.script.FindFailed">
            <message>
              <![CDATA[D:/CoreWorkStreamsTeam_B/Pictures/WopImages/CampaignDataNetwork.PNG: (188x26) in S(0)[0,0 1366x768] E:Y, T:3.0]]>
            </message>
            <full-stacktrace>
              <![CDATA[FindFailed: D:/CoreWorkStreamsTeam_B/Pictures/WopImages/CampaignDataNetwork.PNG: (188x26) in S(0)[0,0 1366x768] E:Y, T:3.0
  Line 2782, in file Region.java

at org.sikuli.script.Region.wait(Region.java:2782)
at com.amc.txbase.TxBase.imagecopyText(TxBase.java:640)
at com.amc.txrepo.WOPtoMP_CampaignDataValidation.campaignDataSelection(WOPtoMP_CampaignDataValidation.java:26)
at com.amc.Testclasess.execute.CampaignDataValidations.CampaignDataComparion(CampaignDataValidations.java:38)
at sun.reflect.NativeMethodAccessorImpl.invoke0(Native Method)
at sun.reflect.NativeMethodAccessorImpl.invoke(NativeMethodAccessorImpl.java:62)
at sun.reflect.DelegatingMethodAccessorImpl.invoke(DelegatingMethodAccessorImpl.java:43)
at java.lang.reflect.Method.invoke(Method.java:498)
at org.testng.internal.MethodInvocationHelper.invokeMethod(MethodInvocationHelper.java:124)
at org.testng.internal.Invoker.invokeMethod(Invoker.java:583)
at org.testng.internal.Invoker.invokeTestMethod(Invoker.java:719)
at org.testng.internal.Invoker.invokeTestMethods(Invoker.java:989)
at org.testng.internal.TestMethodWorker.invokeTestMethods(TestMethodWorker.java:125)
at org.testng.internal.TestMethodWorker.run(TestMethodWorker.java:109)
at org.testng.TestRunner.privateRun(TestRunner.java:648)
at org.testng.TestRunner.run(TestRunner.java:505)
at org.testng.SuiteRunner.runTest(SuiteRunner.java:455)
at org.testng.SuiteRunner.runSequentially(SuiteRunner.java:450)
at org.testng.SuiteRunner.privateRun(SuiteRunner.java:415)
at org.testng.SuiteRunner.run(SuiteRunner.java:364)
at org.testng.SuiteRunnerWorker.runSuite(SuiteRunnerWorker.java:52)
at org.testng.SuiteRunnerWorker.run(SuiteRunnerWorker.java:84)
at org.testng.TestNG.runSuitesSequentially(TestNG.java:1208)
at org.testng.TestNG.runSuitesLocally(TestNG.java:1137)
at org.testng.TestNG.runSuites(TestNG.java:1049)
at org.testng.TestNG.run(TestNG.java:1017)
at com.amc.testcases.DynamicTestNG.runTestNGTest(DynamicTestNG.java:87)
at com.amc.testcases.DynamicTestNG.ExecuteScripts(DynamicTestNG.java:97)
at sun.reflect.NativeMethodAccessorImpl.invoke0(Native Method)
at sun.reflect.NativeMethodAccessorImpl.invoke(NativeMethodAccessorImpl.java:62)
at sun.reflect.DelegatingMethodAccessorImpl.invoke(DelegatingMethodAccessorImpl.java:43)
at java.lang.reflect.Method.invoke(Method.java:498)
at org.testng.internal.MethodInvocationHelper.invokeMethod(MethodInvocationHelper.java:124)
at org.testng.internal.Invoker.invokeMethod(Invoker.java:583)
at org.testng.internal.Invoker.invokeTestMethod(Invoker.java:719)
at org.testng.internal.Invoker.invokeTestMethods(Invoker.java:989)
at org.testng.internal.TestMethodWorker.invokeTestMethods(TestMethodWorker.java:125)
at org.testng.internal.TestMethodWorker.run(TestMethodWorker.java:109)
at org.testng.TestRunner.privateRun(TestRunner.java:648)
at org.testng.TestRunner.run(TestRunner.java:505)
at org.testng.SuiteRunner.runTest(SuiteRunner.java:455)
at org.testng.SuiteRunner.runSequentially(SuiteRunner.java:450)
at org.testng.SuiteRunner.privateRun(SuiteRunner.java:415)
at org.testng.SuiteRunner.run(SuiteRunner.java:364)
at org.testng.SuiteRunnerWorker.runSuite(SuiteRunnerWorker.java:52)
at org.testng.SuiteRunnerWorker.run(SuiteRunnerWorker.java:84)
at org.testng.TestNG.runSuitesSequentially(TestNG.java:1208)
at org.testng.TestNG.runSuitesLocally(TestNG.java:1137)
at org.testng.TestNG.runSuites(TestNG.java:1049)
at org.testng.TestNG.run(TestNG.java:1017)
at org.apache.maven.surefire.testng.TestNGExecutor.run(TestNGExecutor.java:281)
at org.apache.maven.surefire.testng.TestNGXmlTestSuite.execute(TestNGXmlTestSuite.java:75)
at org.apache.maven.surefire.testng.TestNGProvider.invoke(TestNGProvider.java:121)
at org.apache.maven.surefire.booter.ForkedBooter.invokeProviderInSameClassLoader(ForkedBooter.java:290)
at org.apache.maven.surefire.booter.ForkedBooter.runSuitesInProcess(ForkedBooter.java:242)
at org.apache.maven.surefire.booter.ForkedBooter.main(ForkedBooter.java:121)
]]>
            </full-stacktrace>
          </exception> <!-- org.sikuli.script.FindFailed -->
          <reporter-output>
          </reporter-output>
        </test-method> <!-- CampaignDataComparion -->
      </class> <!-- com.amc.Testclasess.execute.CampaignDataValidations -->
      <class name="com.amc.Testclasess.execute.CampaignHierarchyValidations">
        <test-method status="PASS" signature="campaignHierarchycomparison()[pri:0, instance:com.amc.Testclasess.execute.CampaignHierarchyValidations@1b250e51]" name="campaignHierarchycomparison" duration-ms="2003" started-at="2020-04-13T17:13:33Z" finished-at="2020-04-13T17:13:35Z">
          <reporter-output>
          </reporter-output>
        </test-method> <!-- campaignHierarchycomparison -->
      </class> <!-- com.amc.Testclasess.execute.CampaignHierarchyValidations -->
      <class name="com.amc.Testclasess.execute.WOP_TrailerCampaign">
        <test-method status="PASS" signature="beforeTest()[pri:0, instance:com.amc.Testclasess.execute.WOP_TrailerCampaign@4bb4c147]" name="beforeTest" is-config="true" duration-ms="2025" started-at="2020-04-13T17:11:54Z" finished-at="2020-04-13T17:11:56Z">
          <reporter-output>
          </reporter-output>
        </test-method> <!-- beforeTest -->
        <test-method status="PASS" signature="beforeTest()[pri:0, instance:com.amc.Testclasess.execute.WOP_launchAndLogin@72c743f4]" name="beforeTest" is-config="true" duration-ms="138" started-at="2020-04-13T17:11:56Z" finished-at="2020-04-13T17:11:56Z">
          <reporter-output>
          </reporter-output>
        </test-method> <!-- beforeTest -->
        <test-method status="FAIL" signature="wopTrailerCampaignTest()[pri:0, instance:com.amc.Testclasess.execute.WOP_TrailerCampaign@4bb4c147]" name="wopTrailerCampaignTest" duration-ms="16286" started-at="2020-04-13T17:12:45Z" finished-at="2020-04-13T17:13:01Z">
          <exception class="org.sikuli.script.FindFailed">
            <message>
              <![CDATA[D:/CoreWorkStreamsTeam_B/Pictures/WopImages/TrailerIcon.PNG: (23x27) in S(0)[0,0 1366x768] E:Y, T:3.0]]>
            </message>
            <full-stacktrace>
              <![CDATA[FindFailed: D:/CoreWorkStreamsTeam_B/Pictures/WopImages/TrailerIcon.PNG: (23x27) in S(0)[0,0 1366x768] E:Y, T:3.0
  Line 2782, in file Region.java

at org.sikuli.script.Region.wait(Region.java:2782)
at com.amc.txbase.TxBase.imageFindClick(TxBase.java:671)
at com.amc.txrepo.WOP_TrailorCampaignObjects.trailerCampaign(WOP_TrailorCampaignObjects.java:36)
at com.amc.Testclasess.execute.WOP_TrailerCampaign.wopTrailerCampaignTest(WOP_TrailerCampaign.java:20)
at sun.reflect.NativeMethodAccessorImpl.invoke0(Native Method)
at sun.reflect.NativeMethodAccessorImpl.invoke(NativeMethodAccessorImpl.java:62)
at sun.reflect.DelegatingMethodAccessorImpl.invoke(DelegatingMethodAccessorImpl.java:43)
at java.lang.reflect.Method.invoke(Method.java:498)
at org.testng.internal.MethodInvocationHelper.invokeMethod(MethodInvocationHelper.java:124)
at org.testng.internal.Invoker.invokeMethod(Invoker.java:583)
at org.testng.internal.Invoker.invokeTestMethod(Invoker.java:719)
at org.testng.internal.Invoker.invokeTestMethods(Invoker.java:989)
at org.testng.internal.TestMethodWorker.invokeTestMethods(TestMethodWorker.java:125)
at org.testng.internal.TestMethodWorker.run(TestMethodWorker.java:109)
at org.testng.TestRunner.privateRun(TestRunner.java:648)
at org.testng.TestRunner.run(TestRunner.java:505)
at org.testng.SuiteRunner.runTest(SuiteRunner.java:455)
at org.testng.SuiteRunner.runSequentially(SuiteRunner.java:450)
at org.testng.SuiteRunner.privateRun(SuiteRunner.java:415)
at org.testng.SuiteRunner.run(SuiteRunner.java:364)
at org.testng.SuiteRunnerWorker.runSuite(SuiteRunnerWorker.java:52)
at org.testng.SuiteRunnerWorker.run(SuiteRunnerWorker.java:84)
at org.testng.TestNG.runSuitesSequentially(TestNG.java:1208)
at org.testng.TestNG.runSuitesLocally(TestNG.java:1137)
at org.testng.TestNG.runSuites(TestNG.java:1049)
at org.testng.TestNG.run(TestNG.java:1017)
at com.amc.testcases.DynamicTestNG.runTestNGTest(DynamicTestNG.java:87)
at com.amc.testcases.DynamicTestNG.ExecuteScripts(DynamicTestNG.java:97)
at sun.reflect.NativeMethodAccessorImpl.invoke0(Native Method)
at sun.reflect.NativeMethodAccessorImpl.invoke(NativeMethodAccessorImpl.java:62)
at sun.reflect.DelegatingMethodAccessorImpl.invoke(DelegatingMethodAccessorImpl.java:43)
at java.lang.reflect.Method.invoke(Method.java:498)
at org.testng.internal.MethodInvocationHelper.invokeMethod(MethodInvocationHelper.java:124)
at org.testng.internal.Invoker.invokeMethod(Invoker.java:583)
at org.testng.internal.Invoker.invokeTestMethod(Invoker.java:719)
at org.testng.internal.Invoker.invokeTestMethods(Invoker.java:989)
at org.testng.internal.TestMethodWorker.invokeTestMethods(TestMethodWorker.java:125)
at org.testng.internal.TestMethodWorker.run(TestMethodWorker.java:109)
at org.testng.TestRunner.privateRun(TestRunner.java:648)
at org.testng.TestRunner.run(TestRunner.java:505)
at org.testng.SuiteRunner.runTest(SuiteRunner.java:455)
at org.testng.SuiteRunner.runSequentially(SuiteRunner.java:450)
at org.testng.SuiteRunner.privateRun(SuiteRunner.java:415)
at org.testng.SuiteRunner.run(SuiteRunner.java:364)
at org.testng.SuiteRunnerWorker.runSuite(SuiteRunnerWorker.java:52)
at org.testng.SuiteRunnerWorker.run(SuiteRunnerWorker.java:84)
at org.testng.TestNG.runSuitesSequentially(TestNG.java:1208)
at org.testng.TestNG.runSuitesLocally(TestNG.java:1137)
at org.testng.TestNG.runSuites(TestNG.java:1049)
at org.testng.TestNG.run(TestNG.java:1017)
at org.apache.maven.surefire.testng.TestNGExecutor.run(TestNGExecutor.java:281)
at org.apache.maven.surefire.testng.TestNGXmlTestSuite.execute(TestNGXmlTestSuite.java:75)
at org.apache.maven.surefire.testng.TestNGProvider.invoke(TestNGProvider.java:121)
at org.apache.maven.surefire.booter.ForkedBooter.invokeProviderInSameClassLoader(ForkedBooter.java:290)
at org.apache.maven.surefire.booter.ForkedBooter.runSuitesInProcess(ForkedBooter.java:242)
at org.apache.maven.surefire.booter.ForkedBooter.main(ForkedBooter.java:121)
]]>
            </full-stacktrace>
          </exception> <!-- org.sikuli.script.FindFailed -->
          <reporter-output>
          </reporter-output>
        </test-method> <!-- wopTrailerCampaignTest -->
      </class> <!-- com.amc.Testclasess.execute.WOP_TrailerCampaign -->
      <class name="com.amc.Testclasess.execute.TrailerDataValidations">
        <test-method status="FAIL" signature="trailerDataComparison()[pri:0, instance:com.amc.Testclasess.execute.TrailerDataValidations@4e826e33]" name="trailerDataComparison" duration-ms="12342" started-at="2020-04-13T17:14:15Z" finished-at="2020-04-13T17:14:27Z">
          <exception class="org.sikuli.script.FindFailed">
            <message>
              <![CDATA[D:/CoreWorkStreamsTeam_B/Pictures/WopImages/TrailerTypeD.PNG: (271x34) in S(0)[0,0 1366x768] E:Y, T:3.0]]>
            </message>
            <full-stacktrace>
              <![CDATA[FindFailed: D:/CoreWorkStreamsTeam_B/Pictures/WopImages/TrailerTypeD.PNG: (271x34) in S(0)[0,0 1366x768] E:Y, T:3.0
  Line 2782, in file Region.java

at org.sikuli.script.Region.wait(Region.java:2782)
at com.amc.txbase.TxBase.imagecopyText(TxBase.java:640)
at com.amc.txrepo.WOP_MPTrailerDataValidations.trailerDataSelection(WOP_MPTrailerDataValidations.java:25)
at com.amc.Testclasess.execute.TrailerDataValidations.trailerDataComparison(TrailerDataValidations.java:41)
at sun.reflect.NativeMethodAccessorImpl.invoke0(Native Method)
at sun.reflect.NativeMethodAccessorImpl.invoke(NativeMethodAccessorImpl.java:62)
at sun.reflect.DelegatingMethodAccessorImpl.invoke(DelegatingMethodAccessorImpl.java:43)
at java.lang.reflect.Method.invoke(Method.java:498)
at org.testng.internal.MethodInvocationHelper.invokeMethod(MethodInvocationHelper.java:124)
at org.testng.internal.Invoker.invokeMethod(Invoker.java:583)
at org.testng.internal.Invoker.invokeTestMethod(Invoker.java:719)
at org.testng.internal.Invoker.invokeTestMethods(Invoker.java:989)
at org.testng.internal.TestMethodWorker.invokeTestMethods(TestMethodWorker.java:125)
at org.testng.internal.TestMethodWorker.run(TestMethodWorker.java:109)
at org.testng.TestRunner.privateRun(TestRunner.java:648)
at org.testng.TestRunner.run(TestRunner.java:505)
at org.testng.SuiteRunner.runTest(SuiteRunner.java:455)
at org.testng.SuiteRunner.runSequentially(SuiteRunner.java:450)
at org.testng.SuiteRunner.privateRun(SuiteRunner.java:415)
at org.testng.SuiteRunner.run(SuiteRunner.java:364)
at org.testng.SuiteRunnerWorker.runSuite(SuiteRunnerWorker.java:52)
at org.testng.SuiteRunnerWorker.run(SuiteRunnerWorker.java:84)
at org.testng.TestNG.runSuitesSequentially(TestNG.java:1208)
at org.testng.TestNG.runSuitesLocally(TestNG.java:1137)
at org.testng.TestNG.runSuites(TestNG.java:1049)
at org.testng.TestNG.run(TestNG.java:1017)
at com.amc.testcases.DynamicTestNG.runTestNGTest(DynamicTestNG.java:87)
at com.amc.testcases.DynamicTestNG.ExecuteScripts(DynamicTestNG.java:97)
at sun.reflect.NativeMethodAccessorImpl.invoke0(Native Method)
at sun.reflect.NativeMethodAccessorImpl.invoke(NativeMethodAccessorImpl.java:62)
at sun.reflect.DelegatingMethodAccessorImpl.invoke(DelegatingMethodAccessorImpl.java:43)
at java.lang.reflect.Method.invoke(Method.java:498)
at org.testng.internal.MethodInvocationHelper.invokeMethod(MethodInvocationHelper.java:124)
at org.testng.internal.Invoker.invokeMethod(Invoker.java:583)
at org.testng.internal.Invoker.invokeTestMethod(Invoker.java:719)
at org.testng.internal.Invoker.invokeTestMethods(Invoker.java:989)
at org.testng.internal.TestMethodWorker.invokeTestMethods(TestMethodWorker.java:125)
at org.testng.internal.TestMethodWorker.run(TestMethodWorker.java:109)
at org.testng.TestRunner.privateRun(TestRunner.java:648)
at org.testng.TestRunner.run(TestRunner.java:505)
at org.testng.SuiteRunner.runTest(SuiteRunner.java:455)
at org.testng.SuiteRunner.runSequentially(SuiteRunner.java:450)
at org.testng.SuiteRunner.privateRun(SuiteRunner.java:415)
at org.testng.SuiteRunner.run(SuiteRunner.java:364)
at org.testng.SuiteRunnerWorker.runSuite(SuiteRunnerWorker.java:52)
at org.testng.SuiteRunnerWorker.run(SuiteRunnerWorker.java:84)
at org.testng.TestNG.runSuitesSequentially(TestNG.java:1208)
at org.testng.TestNG.runSuitesLocally(TestNG.java:1137)
at org.testng.TestNG.runSuites(TestNG.java:1049)
at org.testng.TestNG.run(TestNG.java:1017)
at org.apache.maven.surefire.testng.TestNGExecutor.run(TestNGExecutor.java:281)
at org.apache.maven.surefire.testng.TestNGXmlTestSuite.execute(TestNGXmlTestSuite.java:75)
at org.apache.maven.surefire.testng.TestNGProvider.invoke(TestNGProvider.java:121)
at org.apache.maven.surefire.booter.ForkedBooter.invokeProviderInSameClassLoader(ForkedBooter.java:290)
at org.apache.maven.surefire.booter.ForkedBooter.runSuitesInProcess(ForkedBooter.java:242)
at org.apache.maven.surefire.booter.ForkedBooter.main(ForkedBooter.java:121)
]]>
            </full-stacktrace>
          </exception> <!-- org.sikuli.script.FindFailed -->
          <reporter-output>
          </reporter-output>
        </test-method> <!-- trailerDataComparison -->
      </class> <!-- com.amc.Testclasess.execute.TrailerDataValidations -->
      <class name="com.amc.Testclasess.execute.MasterTrailerDataValidations">
        <test-method status="FAIL" signature="MasterTrailerComparion()[pri:0, instance:com.amc.Testclasess.execute.MasterTrailerDataValidations@34341b2a]" name="MasterTrailerComparion" duration-ms="12528" started-at="2020-04-13T17:14:02Z" finished-at="2020-04-13T17:14:15Z">
          <exception class="org.sikuli.script.FindFailed">
            <message>
              <![CDATA[D:/CoreWorkStreamsTeam_B/Pictures/WopImages/M1Trailer1CategoryD.PNG: (260x31) in S(0)[0,0 1366x768] E:Y, T:3.0]]>
            </message>
            <full-stacktrace>
              <![CDATA[FindFailed: D:/CoreWorkStreamsTeam_B/Pictures/WopImages/M1Trailer1CategoryD.PNG: (260x31) in S(0)[0,0 1366x768] E:Y, T:3.0
  Line 2782, in file Region.java

at org.sikuli.script.Region.wait(Region.java:2782)
at com.amc.txbase.TxBase.imagecopyText(TxBase.java:640)
at com.amc.txrepo.WOP_MPMasterTrailerDataValidations.masterTrailer2DataSelection(WOP_MPMasterTrailerDataValidations.java:25)
at com.amc.Testclasess.execute.MasterTrailerDataValidations.MasterTrailerComparion(MasterTrailerDataValidations.java:39)
at sun.reflect.NativeMethodAccessorImpl.invoke0(Native Method)
at sun.reflect.NativeMethodAccessorImpl.invoke(NativeMethodAccessorImpl.java:62)
at sun.reflect.DelegatingMethodAccessorImpl.invoke(DelegatingMethodAccessorImpl.java:43)
at java.lang.reflect.Method.invoke(Method.java:498)
at org.testng.internal.MethodInvocationHelper.invokeMethod(MethodInvocationHelper.java:124)
at org.testng.internal.Invoker.invokeMethod(Invoker.java:583)
at org.testng.internal.Invoker.invokeTestMethod(Invoker.java:719)
at org.testng.internal.Invoker.invokeTestMethods(Invoker.java:989)
at org.testng.internal.TestMethodWorker.invokeTestMethods(TestMethodWorker.java:125)
at org.testng.internal.TestMethodWorker.run(TestMethodWorker.java:109)
at org.testng.TestRunner.privateRun(TestRunner.java:648)
at org.testng.TestRunner.run(TestRunner.java:505)
at org.testng.SuiteRunner.runTest(SuiteRunner.java:455)
at org.testng.SuiteRunner.runSequentially(SuiteRunner.java:450)
at org.testng.SuiteRunner.privateRun(SuiteRunner.java:415)
at org.testng.SuiteRunner.run(SuiteRunner.java:364)
at org.testng.SuiteRunnerWorker.runSuite(SuiteRunnerWorker.java:52)
at org.testng.SuiteRunnerWorker.run(SuiteRunnerWorker.java:84)
at org.testng.TestNG.runSuitesSequentially(TestNG.java:1208)
at org.testng.TestNG.runSuitesLocally(TestNG.java:1137)
at org.testng.TestNG.runSuites(TestNG.java:1049)
at org.testng.TestNG.run(TestNG.java:1017)
at com.amc.testcases.DynamicTestNG.runTestNGTest(DynamicTestNG.java:87)
at com.amc.testcases.DynamicTestNG.ExecuteScripts(DynamicTestNG.java:97)
at sun.reflect.NativeMethodAccessorImpl.invoke0(Native Method)
at sun.reflect.NativeMethodAccessorImpl.invoke(NativeMethodAccessorImpl.java:62)
at sun.reflect.DelegatingMethodAccessorImpl.invoke(DelegatingMethodAccessorImpl.java:43)
at java.lang.reflect.Method.invoke(Method.java:498)
at org.testng.internal.MethodInvocationHelper.invokeMethod(MethodInvocationHelper.java:124)
at org.testng.internal.Invoker.invokeMethod(Invoker.java:583)
at org.testng.internal.Invoker.invokeTestMethod(Invoker.java:719)
at org.testng.internal.Invoker.invokeTestMethods(Invoker.java:989)
at org.testng.internal.TestMethodWorker.invokeTestMethods(TestMethodWorker.java:125)
at org.testng.internal.TestMethodWorker.run(TestMethodWorker.java:109)
at org.testng.TestRunner.privateRun(TestRunner.java:648)
at org.testng.TestRunner.run(TestRunner.java:505)
at org.testng.SuiteRunner.runTest(SuiteRunner.java:455)
at org.testng.SuiteRunner.runSequentially(SuiteRunner.java:450)
at org.testng.SuiteRunner.privateRun(SuiteRunner.java:415)
at org.testng.SuiteRunner.run(SuiteRunner.java:364)
at org.testng.SuiteRunnerWorker.runSuite(SuiteRunnerWorker.java:52)
at org.testng.SuiteRunnerWorker.run(SuiteRunnerWorker.java:84)
at org.testng.TestNG.runSuitesSequentially(TestNG.java:1208)
at org.testng.TestNG.runSuitesLocally(TestNG.java:1137)
at org.testng.TestNG.runSuites(TestNG.java:1049)
at org.testng.TestNG.run(TestNG.java:1017)
at org.apache.maven.surefire.testng.TestNGExecutor.run(TestNGExecutor.java:281)
at org.apache.maven.surefire.testng.TestNGXmlTestSuite.execute(TestNGXmlTestSuite.java:75)
at org.apache.maven.surefire.testng.TestNGProvider.invoke(TestNGProvider.java:121)
at org.apache.maven.surefire.booter.ForkedBooter.invokeProviderInSameClassLoader(ForkedBooter.java:290)
at org.apache.maven.surefire.booter.ForkedBooter.runSuitesInProcess(ForkedBooter.java:242)
at org.apache.maven.surefire.booter.ForkedBooter.main(ForkedBooter.java:121)
]]>
            </full-stacktrace>
          </exception> <!-- org.sikuli.script.FindFailed -->
          <reporter-output>
          </reporter-output>
        </test-method> <!-- MasterTrailerComparion -->
      </class> <!-- com.amc.Testclasess.execute.MasterTrailerDataValidations -->
    </test> <!-- Testclasess -->
  </suite> <!-- Suite -->
</testng-results>
