<?xml version="1.0" encoding="UTF-8"?>
<!-- Generated by org.testng.reporters.JUnitXMLReporter -->
<testsuite hostname="MONO-HYD-LAP-44" ignored="0" name="PortalMetadataScreenTest" tests="3" failures="0" timestamp="17 Sep 2019 15:40:49 GMT" time="3.632" errors="0">
  <testcase name="validatePortalAMCNIDWithCMSNVPayLoad" time="0.291" classname="com.amc.testcases.PortalMetadataScreen"/>
  <testcase name="validatePortalTitleWithCMSNVPayLoad" time="0.364" classname="com.amc.testcases.PortalMetadataScreen"/>
  <testcase name="validatePortalEpisdoeNumberWithCMSNVPayLoad" time="1.338" classname="com.amc.testcases.PortalMetadataScreen"/>
</testsuite> <!-- PortalMetadataScreenTest -->
