<?xml version="1.0" encoding="UTF-8"?>
<!-- Generated by org.testng.reporters.JUnitXMLReporter -->
<testsuite hostname="MONO-HYD-LAP-41" ignored="0" name="Test" tests="1" failures="1" timestamp="28 Aug 2019 14:37:41 GMT" time="98.763" errors="0">
  <testcase name="CMSNVRecordMigrationTest" time="98.736" classname="com.amc.testcases.CMSNVRecordPush">
    <failure type="org.sikuli.script.FindFailed" message="C:/Users/chaitanya/eclipse-workspace/TXLiveRegression/Pictures/PushToMigrate.PNG: (124x29) in S(0)[0,0 1366x768] E:Y, T:3.0">
      <![CDATA[FindFailed: C:/Users/chaitanya/eclipse-workspace/TXLiveRegression/Pictures/PushToMigrate.PNG: (124x29) in S(0)[0,0 1366x768] E:Y, T:3.0
  Line 2782, in file Region.java

at org.sikuli.script.Region.wait(Region.java:2782)
at org.sikuli.script.Region.find(Region.java:2329)
at org.sikuli.script.Region.getLocationFromTarget(Region.java:3238)
at org.sikuli.script.Region.click(Region.java:3736)
at com.amc.txrepo.CMSObjects.pushToMigrate(CMSObjects.java:315)
at com.amc.txbase.CmsAppUtils.pushingRecords(CmsAppUtils.java:133)
at com.amc.testcases.CMSNVRecordPush.CMSNVRecordMigrationTest(CMSNVRecordPush.java:15)
... Removed 25 stack frames]]>
    </failure>
  </testcase> <!-- CMSNVRecordMigrationTest -->
</testsuite> <!-- Test -->
