<?xml version="1.0" encoding="UTF-8"?>
<!-- Generated by org.testng.reporters.JUnitXMLReporter -->
<testsuite hostname="MONO-HYD-LAP-44" ignored="7" name="Testclasess" tests="8" failures="3" timestamp="26 Mar 2020 08:16:54 GMT" time="717.482" errors="0">
  <testcase name="launch" time="38.144" classname="com.amc.Testclasess.execute.WOP_launchAndLogin"/>
  <testcase name="wopTrailerCampaignTest" time="393.12" classname="com.amc.Testclasess.execute.WOP_TrailerCampaign"/>
  <testcase name="mpLaunchAndLoginTest" time="117.02" classname="com.amc.Testclasess.execute.MP_launchAndLogin"/>
  <testcase name="CampaginIntigrationFromWOPtoMP" time="95.645" classname="com.amc.Testclasess.execute.MP_campaignData"/>
  <testcase name="campaignHierarchycomparison" time="2.004" classname="com.amc.Testclasess.execute.CampaignHierarchyValidations"/>
  <testcase name="CampaignDataComparion" time="28.574" classname="com.amc.Testclasess.execute.CampaignDataValidations">
    <failure type="java.lang.IndexOutOfBoundsException" message="Index: 1, Size: 1">
      <![CDATA[java.lang.IndexOutOfBoundsException: Index: 1, Size: 1
at java.util.ArrayList.rangeCheck(ArrayList.java:657)
at java.util.ArrayList.get(ArrayList.java:433)
at com.amc.txrepo.WOPtoMP_CampaignDataValidation.campaignDatacomparison(WOPtoMP_CampaignDataValidation.java:56)
at com.amc.Testclasess.execute.CampaignDataValidations.CampaignDataComparion(CampaignDataValidations.java:40)
at com.amc.testcases.DynamicTestNG.runTestNGTest(DynamicTestNG.java:87)
at com.amc.testcases.DynamicTestNG.ExecuteScripts(DynamicTestNG.java:97)
... Removed 47 stack frames]]>
    </failure>
  </testcase> <!-- CampaignDataComparion -->
  <testcase name="MasterTrailerComparion" time="28.631" classname="com.amc.Testclasess.execute.MasterTrailerDataValidations">
    <failure type="org.sikuli.script.FindFailed" message="D:/AMC Networks/Automation/CoreWorkStreamsTeam_B/Pictures/WopImages/MasterTrailer2RightClick.PNG not loaded">
      <![CDATA[FindFailed: D:/AMC Networks/Automation/CoreWorkStreamsTeam_B/Pictures/WopImages/MasterTrailer2RightClick.PNG not loaded
  Line 2782, in file Region.java

at org.sikuli.script.Region.wait(Region.java:2782)
at com.amc.txbase.TxBase.imageRightClick(TxBase.java:697)
at com.amc.txrepo.WOP_MPMasterTrailerDataValidations.masterTrailer2DataSelection(WOP_MPMasterTrailerDataValidations.java:52)
at com.amc.Testclasess.execute.MasterTrailerDataValidations.MasterTrailerComparion(MasterTrailerDataValidations.java:39)
at com.amc.testcases.DynamicTestNG.runTestNGTest(DynamicTestNG.java:87)
at com.amc.testcases.DynamicTestNG.ExecuteScripts(DynamicTestNG.java:97)
... Removed 47 stack frames]]>
    </failure>
  </testcase> <!-- MasterTrailerComparion -->
  <testcase name="trailerDataComparison" time="12.144" classname="com.amc.Testclasess.execute.TrailerDataValidations">
    <failure type="org.sikuli.script.FindFailed" message="D:/AMC Networks/Automation/CoreWorkStreamsTeam_B/Pictures/WopImages/TrailerTypeD.PNG: (271x34) in S(0)[0,0 1366x768] E:Y, T:3.0">
      <![CDATA[FindFailed: D:/AMC Networks/Automation/CoreWorkStreamsTeam_B/Pictures/WopImages/TrailerTypeD.PNG: (271x34) in S(0)[0,0 1366x768] E:Y, T:3.0
  Line 2782, in file Region.java

at org.sikuli.script.Region.wait(Region.java:2782)
at com.amc.txbase.TxBase.imagecopyText(TxBase.java:640)
at com.amc.txrepo.WOP_MPTrailerDataValidations.trailerDataSelection(WOP_MPTrailerDataValidations.java:25)
at com.amc.Testclasess.execute.TrailerDataValidations.trailerDataComparison(TrailerDataValidations.java:41)
at com.amc.testcases.DynamicTestNG.runTestNGTest(DynamicTestNG.java:87)
at com.amc.testcases.DynamicTestNG.ExecuteScripts(DynamicTestNG.java:97)
... Removed 47 stack frames]]>
    </failure>
  </testcase> <!-- trailerDataComparison -->
  <testcase name="@AfterSuite closingbrowser" time="0.0" classname="com.amc.txbase.TxBase">
    <ignored/>
  </testcase> <!-- @AfterSuite closingbrowser -->
  <testcase name="@AfterSuite closingbrowser" time="0.0" classname="com.amc.txbase.TxBase">
    <ignored/>
  </testcase> <!-- @AfterSuite closingbrowser -->
  <testcase name="@AfterSuite closingbrowser" time="0.0" classname="com.amc.txbase.TxBase">
    <ignored/>
  </testcase> <!-- @AfterSuite closingbrowser -->
  <testcase name="@AfterSuite closingbrowser" time="0.0" classname="com.amc.txbase.TxBase">
    <ignored/>
  </testcase> <!-- @AfterSuite closingbrowser -->
  <testcase name="@AfterSuite closingbrowser" time="0.0" classname="com.amc.txbase.TxBase">
    <ignored/>
  </testcase> <!-- @AfterSuite closingbrowser -->
  <testcase name="@AfterSuite closingbrowser" time="0.0" classname="com.amc.txbase.TxBase">
    <ignored/>
  </testcase> <!-- @AfterSuite closingbrowser -->
  <testcase name="@AfterSuite closingbrowser" time="0.0" classname="com.amc.txbase.TxBase">
    <ignored/>
  </testcase> <!-- @AfterSuite closingbrowser -->
</testsuite> <!-- Testclasess -->
