<?xml version="1.0" encoding="UTF-8"?>
<!-- Generated by org.testng.reporters.JUnitXMLReporter -->
<testsuite hostname="MONO-HYD-LAP-44" ignored="1" name="com.amc.Testclasess.execute" tests="2" failures="2" timestamp="03 Oct 2019 16:22:51 GMT" time="72.897" errors="0">
  <testcase name="scheduleThroughPrellminaryGenaric" time="40.601" classname="com.amc.Testclasess.execute.scheduleThroughPrellminaryGenaricPrograme">
    <failure type="org.sikuli.script.FindFailed" message="D:/TxLive/TXLiveRegression/Pictures//WopImages//LauncherTop.PNG: (57x27) in S(0)[0,0 1366x768] E:Y, T:3.0">
      <![CDATA[FindFailed: D:/TxLive/TXLiveRegression/Pictures//WopImages//LauncherTop.PNG: (57x27) in S(0)[0,0 1366x768] E:Y, T:3.0
  Line 2782, in file Region.java

at org.sikuli.script.Region.wait(Region.java:2782)
at com.amc.txbase.TxBase.imageClick(TxBase.java:209)
at com.amc.txrepo.WopObjets.scheduleThroughPrellminaryGenaricPrograme(WopObjets.java:260)
at com.amc.Testclasess.execute.scheduleThroughPrellminaryGenaricPrograme.scheduleThroughPrellminaryGenaric(scheduleThroughPrellminaryGenaricPrograme.java:21)
at com.amc.testcases.DynamicTestNG.runTestNGTest(DynamicTestNG.java:60)
at com.amc.testcases.DynamicTestNG.main(DynamicTestNG.java:72)
... Removed 22 stack frames]]>
    </failure>
  </testcase> <!-- scheduleThroughPrellminaryGenaric -->
  <testcase name="scheduleThroughExploitationWindow" time="27.826" classname="com.amc.Testclasess.execute.scheduleThroughExploitationWindowBrowser">
    <failure type="org.sikuli.script.FindFailed" message="D:/TxLive/TXLiveRegression/Pictures//WopImages//LauncherTop.PNG: (57x27) in S(0)[0,0 1366x768] E:Y, T:3.0">
      <![CDATA[FindFailed: D:/TxLive/TXLiveRegression/Pictures//WopImages//LauncherTop.PNG: (57x27) in S(0)[0,0 1366x768] E:Y, T:3.0
  Line 2782, in file Region.java

at org.sikuli.script.Region.wait(Region.java:2782)
at com.amc.txbase.TxBase.imageClick(TxBase.java:209)
at com.amc.txrepo.WopObjets.scheduleThroughExploitationWindowBrowser(WopObjets.java:151)
at com.amc.Testclasess.execute.scheduleThroughExploitationWindowBrowser.scheduleThroughExploitationWindow(scheduleThroughExploitationWindowBrowser.java:21)
at com.amc.testcases.DynamicTestNG.runTestNGTest(DynamicTestNG.java:60)
at com.amc.testcases.DynamicTestNG.main(DynamicTestNG.java:72)
... Removed 22 stack frames]]>
    </failure>
  </testcase> <!-- scheduleThroughExploitationWindow -->
  <testcase name="@AfterSuite closingbrowser" time="0.0" classname="com.amc.txbase.TxBase">
    <ignored/>
  </testcase> <!-- @AfterSuite closingbrowser -->
</testsuite> <!-- com.amc.Testclasess.execute -->
