<?xml version="1.0" encoding="UTF-8"?>
<!-- Generated by org.testng.reporters.JUnitXMLReporter -->
<testsuite hostname="MONO-HYD-LAP-44" ignored="0" name="BusinessSystemFieldsTest" tests="2" failures="2" timestamp="17 Sep 2019 15:40:01 GMT" time="322.553" errors="0">
  <testcase name="CMSNVFieldValidationsWithWOPTest" time="10.653" classname="com.amc.testcases.BusinessSystemFields">
    <failure type="java.lang.AssertionError" message="The following asserts failed:
	CMSNV Title ( Law &amp;amp; Order: 01-007: By Hooker, By Crook ) is not Matched with WOP Title ( Law &amp;amp; Order: 01-007: By Hooker, By Crook )">
      <![CDATA[java.lang.AssertionError: The following asserts failed:
CMSNV Title ( Law &amp; Order: 01-007: By Hooker, By Crook ) is not Matched with WOP Title ( Law & Order: 01-007: By Hooker, By Crook )
at com.amc.txbase.ApiUtil.getapiExecute(ApiUtil.java:270)
at com.amc.txbase.Utility.APIResponse(Utility.java:75)
at com.amc.testcases.BusinessSystemFields.CMSNVFieldValidationsWithWOPTest(BusinessSystemFields.java:44)
... Removed 26 stack frames]]>
    </failure>
  </testcase> <!-- CMSNVFieldValidationsWithWOPTest -->
  <testcase name="CMSNVFieldValidationsWithMPTest" time="289.402" classname="com.amc.testcases.BusinessSystemFields">
    <failure type="java.lang.AssertionError" message="The following asserts failed:
	CMSNV Title ( Law &amp;amp;amp; Order: 01-007: By Hooker, By Crook ) is not Matched with WOP Title ( Law &amp;amp; Order: 01-007: By Hooker, By Crook ),
	CMSNV Title ( Law &amp;amp; Order: 01-007: By Hooker, By Crook ) is not Matched with MP Title ( Law &amp;amp; Order: 01-007: By Hooker, By Crook )">
      <![CDATA[java.lang.AssertionError: The following asserts failed:
CMSNV Title ( Law &amp; Order: 01-007: By Hooker, By Crook ) is not Matched with WOP Title ( Law & Order: 01-007: By Hooker, By Crook ),
CMSNV Title ( Law &amp; Order: 01-007: By Hooker, By Crook ) is not Matched with MP Title ( Law & Order: 01-007: By Hooker, By Crook )
at com.amc.txbase.ApiUtil.testhttpclientforPost(ApiUtil.java:522)
at com.amc.txbase.Utility.APIResponse(Utility.java:83)
at com.amc.testcases.BusinessSystemFields.CMSNVFieldValidationsWithMPTest(BusinessSystemFields.java:59)
... Removed 26 stack frames]]>
    </failure>
  </testcase> <!-- CMSNVFieldValidationsWithMPTest -->
</testsuite> <!-- BusinessSystemFieldsTest -->
