<?xml version="1.0" encoding="UTF-8"?>
<!-- Generated by org.testng.reporters.JUnitXMLReporter -->
<testsuite hostname="MONO-HYD-LAP-41" ignored="0" name="CMSNVRecordTest" tests="1" failures="1" timestamp="04 Sep 2019 06:23:22 GMT" time="221.935" errors="0">
  <testcase name="CMSNVRecordMigrationTest" time="221.799" classname="com.amc.testcases.CMSNVRecordPush">
    <failure type="org.sikuli.script.FindFailed" message="C:/Users/chaitanya/eclipse-workspace/TXLiveRegression/Pictures/quit.PNG: (105x44) in S(0)[0,0 1366x768] E:Y, T:3.0">
      <![CDATA[FindFailed: C:/Users/chaitanya/eclipse-workspace/TXLiveRegression/Pictures/quit.PNG: (105x44) in S(0)[0,0 1366x768] E:Y, T:3.0
  Line 2782, in file Region.java

at org.sikuli.script.Region.wait(Region.java:2782)
at com.amc.txrepo.CMSObjects.quitFileMaker(CMSObjects.java:411)
at com.amc.txbase.CmsAppUtils.pushingRecords(CmsAppUtils.java:126)
at com.amc.testcases.CMSNVRecordPush.CMSNVRecordMigrationTest(CMSNVRecordPush.java:28)
... Removed 25 stack frames]]>
    </failure>
  </testcase> <!-- CMSNVRecordMigrationTest -->
</testsuite> <!-- CMSNVRecordTest -->
